#
# There is insufficient memory for the Java Runtime Environment to continue.
# Native memory allocation (malloc) failed to allocate 39984 bytes for Chunk::new
# Possible reasons:
#   The system is out of physical RAM or swap space
#   The process is running with CompressedOops enabled, and the Java Heap may be blocking the growth of the native heap
# Possible solutions:
#   Reduce memory load on the system
#   Increase physical memory or swap space
#   Check if swap backing store is full
#   Decrease Java heap size (-Xmx/-Xms)
#   Decrease number of Java threads
#   Decrease Java thread stack sizes (-Xss)
#   Set larger code cache with -XX:ReservedCodeCacheSize=
#   JVM is running with Unscaled Compressed Oops mode in which the Java heap is
#     placed in the first 4GB address space. The Java Heap base address is the
#     maximum limit for the native heap growth. Please use -XX:HeapBaseMinAddress
#     to set the Java Heap base and to place the Java Heap above 4GB virtual address.
# This output file may be truncated or incomplete.
#
#  Out of Memory Error (./open/src/hotspot/share/memory/arena.cpp:197), pid=35760, tid=15260
#
# JRE version: Java(TM) SE Runtime Environment 18.9 (11.0.7+8) (build 11.0.7+8-LTS)
# Java VM: Java HotSpot(TM) 64-Bit Server VM 18.9 (11.0.7+8-LTS, mixed mode, tiered, compressed oops, g1 gc, windows-amd64)
# No core dump will be written. Minidumps are not enabled by default on client versions of Windows
#

---------------  S U M M A R Y ------------

Command Line: -XX:TieredStopAtLevel=1 -Xverify:none -Dspring.output.ansi.enabled=always -javaagent:D:\idea\IDEA\ideaIU-2021.2.2.win\lib\idea_rt.jar=8082:D:\idea\IDEA\ideaIU-2021.2.2.win\bin -Dcom.sun.management.jmxremote -Dspring.jmx.enabled=true -Dspring.liveBeansView.mbeanDomain -Dspring.application.admin.enabled=true -Dfile.encoding=UTF-8 com.xxxx.crm.Starter

Host: Intel(R) Core(TM) i5-8300H CPU @ 2.30GHz, 8 cores, 7G,  Windows 10 , 64 bit Build 22000 (10.0.22000.1219)
Time: Thu Dec  8 14:35:26 2022 中国标准时间 elapsed time: 3 seconds (0d 0h 0m 3s)

---------------  T H R E A D  ---------------

Current thread (0x0000020a3804c000):  JavaThread "RMI TCP Connection(1)-192.168.20.32" daemon [_thread_in_vm, id=15260, stack(0x000000449e600000,0x000000449e700000)]

Stack: [0x000000449e600000,0x000000449e700000]
Native frames: (J=compiled Java code, j=interpreted, Vv=VM code, C=native code)
V  [jvm.dll+0x661a7a]
V  [jvm.dll+0x7a1b2f]
V  [jvm.dll+0x7a31d5]
V  [jvm.dll+0x7a3843]
V  [jvm.dll+0x25f1a8]
V  [jvm.dll+0xc2441]
V  [jvm.dll+0xc29cc]
V  [jvm.dll+0x1e401d]
V  [jvm.dll+0x1e324e]
V  [jvm.dll+0x73a5b1]
V  [jvm.dll+0x73b9d1]
V  [jvm.dll+0x73bc13]
V  [jvm.dll+0x258768]
V  [jvm.dll+0x389181]
C  0x0000020a2080f033

Java frames: (J=compiled Java code, j=interpreted, Vv=VM code)
j  javax.management.remote.rmi.RMIJRMPServerImpl.makeClient(Ljava/lang/String;Ljavax/security/auth/Subject;)Ljavax/management/remote/rmi/RMIConnection;+14 java.management.rmi@11.0.7
j  javax.management.remote.rmi.RMIServerImpl.doNewClient(Ljava/lang/Object;)Ljavax/management/remote/rmi/RMIConnection;+228 java.management.rmi@11.0.7
j  javax.management.remote.rmi.RMIServerImpl.newClient(Ljava/lang/Object;)Ljavax/management/remote/rmi/RMIConnection;+2 java.management.rmi@11.0.7
v  ~StubRoutines::call_stub
j  jdk.internal.reflect.NativeMethodAccessorImpl.invoke0(Ljava/lang/reflect/Method;Ljava/lang/Object;[Ljava/lang/Object;)Ljava/lang/Object;+0 java.base@11.0.7
j  jdk.internal.reflect.NativeMethodAccessorImpl.invoke(Ljava/lang/Object;[Ljava/lang/Object;)Ljava/lang/Object;+100 java.base@11.0.7
j  jdk.internal.reflect.DelegatingMethodAccessorImpl.invoke(Ljava/lang/Object;[Ljava/lang/Object;)Ljava/lang/Object;+6 java.base@11.0.7
j  java.lang.reflect.Method.invoke(Ljava/lang/Object;[Ljava/lang/Object;)Ljava/lang/Object;+59 java.base@11.0.7
j  sun.rmi.server.UnicastServerRef.dispatch(Ljava/rmi/Remote;Ljava/rmi/server/RemoteCall;)V+264 java.rmi@11.0.7
j  sun.rmi.transport.Transport$1.run()Ljava/lang/Void;+23 java.rmi@11.0.7
j  sun.rmi.transport.Transport$1.run()Ljava/lang/Object;+1 java.rmi@11.0.7
v  ~StubRoutines::call_stub
j  java.security.AccessController.doPrivileged(Ljava/security/PrivilegedExceptionAction;Ljava/security/AccessControlContext;)Ljava/lang/Object;+0 java.base@11.0.7
j  sun.rmi.transport.Transport.serviceCall(Ljava/rmi/server/RemoteCall;)Z+157 java.rmi@11.0.7
j  sun.rmi.transport.tcp.TCPTransport.handleMessages(Lsun/rmi/transport/Connection;Z)V+145 java.rmi@11.0.7
j  sun.rmi.transport.tcp.TCPTransport$ConnectionHandler.run0()V+490 java.rmi@11.0.7
j  sun.rmi.transport.tcp.TCPTransport$ConnectionHandler.lambda$run$0()Ljava/lang/Void;+1 java.rmi@11.0.7
j  sun.rmi.transport.tcp.TCPTransport$ConnectionHandler$$Lambda$85.run()Ljava/lang/Object;+4 java.rmi@11.0.7
v  ~StubRoutines::call_stub
j  java.security.AccessController.doPrivileged(Ljava/security/PrivilegedAction;Ljava/security/AccessControlContext;)Ljava/lang/Object;+0 java.base@11.0.7
j  sun.rmi.transport.tcp.TCPTransport$ConnectionHandler.run()V+37 java.rmi@11.0.7
j  java.util.concurrent.ThreadPoolExecutor.runWorker(Ljava/util/concurrent/ThreadPoolExecutor$Worker;)V+92 java.base@11.0.7
j  java.util.concurrent.ThreadPoolExecutor$Worker.run()V+5 java.base@11.0.7
j  java.lang.Thread.run()V+11 java.base@11.0.7
v  ~StubRoutines::call_stub

---------------  P R O C E S S  ---------------

Threads class SMR info:
_java_thread_list=0x0000020a3804a7d0, length=13, elements={
0x0000020a183e6800, 0x0000020a37092000, 0x0000020a3709f800, 0x0000020a37917800,
0x0000020a37919000, 0x0000020a3791b000, 0x0000020a3791f000, 0x0000020a37027000,
0x0000020a37d76800, 0x0000020a37d77800, 0x0000020a37f65800, 0x0000020a3804c000,
0x0000020a380c8800
}

Java Threads: ( => current thread )
  0x0000020a183e6800 JavaThread "main" [_thread_in_native, id=48372, stack(0x000000449d400000,0x000000449d500000)]
  0x0000020a37092000 JavaThread "Reference Handler" daemon [_thread_blocked, id=48552, stack(0x000000449db00000,0x000000449dc00000)]
  0x0000020a3709f800 JavaThread "Finalizer" daemon [_thread_blocked, id=33344, stack(0x000000449dc00000,0x000000449dd00000)]
  0x0000020a37917800 JavaThread "Signal Dispatcher" daemon [_thread_blocked, id=48496, stack(0x000000449dd00000,0x000000449de00000)]
  0x0000020a37919000 JavaThread "Attach Listener" daemon [_thread_blocked, id=48092, stack(0x000000449de00000,0x000000449df00000)]
  0x0000020a3791b000 JavaThread "C1 CompilerThread0" daemon [_thread_blocked, id=23304, stack(0x000000449df00000,0x000000449e000000)]
  0x0000020a3791f000 JavaThread "Sweeper thread" daemon [_thread_blocked, id=26432, stack(0x000000449e000000,0x000000449e100000)]
  0x0000020a37027000 JavaThread "Common-Cleaner" daemon [_thread_blocked, id=18088, stack(0x000000449e100000,0x000000449e200000)]
  0x0000020a37d76800 JavaThread "Monitor Ctrl-Break" daemon [_thread_in_native, id=38768, stack(0x000000449e200000,0x000000449e300000)]
  0x0000020a37d77800 JavaThread "Service Thread" daemon [_thread_blocked, id=37924, stack(0x000000449e300000,0x000000449e400000)]
  0x0000020a37f65800 JavaThread "RMI TCP Accept-0" daemon [_thread_in_native, id=44316, stack(0x000000449e400000,0x000000449e500000)]
=>0x0000020a3804c000 JavaThread "RMI TCP Connection(1)-192.168.20.32" daemon [_thread_in_vm, id=15260, stack(0x000000449e600000,0x000000449e700000)]
  0x0000020a380c8800 JavaThread "RMI Scheduler(0)" daemon [_thread_blocked, id=33152, stack(0x000000449e700000,0x000000449e800000)]

Other Threads:
  0x0000020a3706b000 VMThread "VM Thread" [stack: 0x000000449da00000,0x000000449db00000] [id=43608]
  0x0000020a37f68000 WatcherThread [stack: 0x000000449e500000,0x000000449e600000] [id=43596]
  0x0000020a183fe800 GCTaskThread "GC Thread#0" [stack: 0x000000449d500000,0x000000449d600000] [id=25864]
  0x0000020a1842d800 ConcurrentGCThread "G1 Main Marker" [stack: 0x000000449d600000,0x000000449d700000] [id=47572]
  0x0000020a1842f800 ConcurrentGCThread "G1 Conc#0" [stack: 0x000000449d700000,0x000000449d800000] [id=21272]
  0x0000020a36ed6800 ConcurrentGCThread "G1 Refine#0" [stack: 0x000000449d800000,0x000000449d900000] [id=30132]
  0x0000020a36ed9000 ConcurrentGCThread "G1 Young RemSet Sampling" [stack: 0x000000449d900000,0x000000449da00000] [id=38888]

Threads with active compile tasks:

VM state:not at safepoint (normal execution)

VM Mutex/Monitor currently owned by a thread: None

Heap address: 0x0000000081e00000, size: 2018 MB, Compressed Oops mode: 32-bit
Narrow klass base: 0x0000000000000000, Narrow klass shift: 3
Compressed class space size: 1073741824 Address: 0x0000000100000000

Heap:
 garbage-first heap   total 131072K, used 16384K [0x0000000081e00000, 0x0000000100000000)
  region size 1024K, 17 young (17408K), 0 survivors (0K)
 Metaspace       used 13545K, capacity 13924K, committed 14208K, reserved 1073152K
  class space    used 1426K, capacity 1554K, committed 1664K, reserved 1048576K
Heap Regions: E=young(eden), S=young(survivor), O=old, HS=humongous(starts), HC=humongous(continues), CS=collection set, F=free, A=archive, TAMS=top-at-mark-start (previous, next)
|   0|0x0000000081e00000, 0x0000000081e00000, 0x0000000081f00000|  0%| F|  |TAMS 0x0000000081e00000, 0x0000000081e00000| Untracked 
|   1|0x0000000081f00000, 0x0000000081f00000, 0x0000000082000000|  0%| F|  |TAMS 0x0000000081f00000, 0x0000000081f00000| Untracked 
|   2|0x0000000082000000, 0x0000000082000000, 0x0000000082100000|  0%| F|  |TAMS 0x0000000082000000, 0x0000000082000000| Untracked 
|   3|0x0000000082100000, 0x0000000082100000, 0x0000000082200000|  0%| F|  |TAMS 0x0000000082100000, 0x0000000082100000| Untracked 
|   4|0x0000000082200000, 0x0000000082200000, 0x0000000082300000|  0%| F|  |TAMS 0x0000000082200000, 0x0000000082200000| Untracked 
|   5|0x0000000082300000, 0x0000000082300000, 0x0000000082400000|  0%| F|  |TAMS 0x0000000082300000, 0x0000000082300000| Untracked 
|   6|0x0000000082400000, 0x0000000082400000, 0x0000000082500000|  0%| F|  |TAMS 0x0000000082400000, 0x0000000082400000| Untracked 
|   7|0x0000000082500000, 0x0000000082500000, 0x0000000082600000|  0%| F|  |TAMS 0x0000000082500000, 0x0000000082500000| Untracked 
|   8|0x0000000082600000, 0x0000000082600000, 0x0000000082700000|  0%| F|  |TAMS 0x0000000082600000, 0x0000000082600000| Untracked 
|   9|0x0000000082700000, 0x0000000082700000, 0x0000000082800000|  0%| F|  |TAMS 0x0000000082700000, 0x0000000082700000| Untracked 
|  10|0x0000000082800000, 0x0000000082800000, 0x0000000082900000|  0%| F|  |TAMS 0x0000000082800000, 0x0000000082800000| Untracked 
|  11|0x0000000082900000, 0x0000000082900000, 0x0000000082a00000|  0%| F|  |TAMS 0x0000000082900000, 0x0000000082900000| Untracked 
|  12|0x0000000082a00000, 0x0000000082a00000, 0x0000000082b00000|  0%| F|  |TAMS 0x0000000082a00000, 0x0000000082a00000| Untracked 
|  13|0x0000000082b00000, 0x0000000082b00000, 0x0000000082c00000|  0%| F|  |TAMS 0x0000000082b00000, 0x0000000082b00000| Untracked 
|  14|0x0000000082c00000, 0x0000000082c00000, 0x0000000082d00000|  0%| F|  |TAMS 0x0000000082c00000, 0x0000000082c00000| Untracked 
|  15|0x0000000082d00000, 0x0000000082d00000, 0x0000000082e00000|  0%| F|  |TAMS 0x0000000082d00000, 0x0000000082d00000| Untracked 
|  16|0x0000000082e00000, 0x0000000082e00000, 0x0000000082f00000|  0%| F|  |TAMS 0x0000000082e00000, 0x0000000082e00000| Untracked 
|  17|0x0000000082f00000, 0x0000000082f00000, 0x0000000083000000|  0%| F|  |TAMS 0x0000000082f00000, 0x0000000082f00000| Untracked 
|  18|0x0000000083000000, 0x0000000083000000, 0x0000000083100000|  0%| F|  |TAMS 0x0000000083000000, 0x0000000083000000| Untracked 
|  19|0x0000000083100000, 0x0000000083100000, 0x0000000083200000|  0%| F|  |TAMS 0x0000000083100000, 0x0000000083100000| Untracked 
|  20|0x0000000083200000, 0x0000000083200000, 0x0000000083300000|  0%| F|  |TAMS 0x0000000083200000, 0x0000000083200000| Untracked 
|  21|0x0000000083300000, 0x0000000083300000, 0x0000000083400000|  0%| F|  |TAMS 0x0000000083300000, 0x0000000083300000| Untracked 
|  22|0x0000000083400000, 0x0000000083400000, 0x0000000083500000|  0%| F|  |TAMS 0x0000000083400000, 0x0000000083400000| Untracked 
|  23|0x0000000083500000, 0x0000000083500000, 0x0000000083600000|  0%| F|  |TAMS 0x0000000083500000, 0x0000000083500000| Untracked 
|  24|0x0000000083600000, 0x0000000083600000, 0x0000000083700000|  0%| F|  |TAMS 0x0000000083600000, 0x0000000083600000| Untracked 
|  25|0x0000000083700000, 0x0000000083700000, 0x0000000083800000|  0%| F|  |TAMS 0x0000000083700000, 0x0000000083700000| Untracked 
|  26|0x0000000083800000, 0x0000000083800000, 0x0000000083900000|  0%| F|  |TAMS 0x0000000083800000, 0x0000000083800000| Untracked 
|  27|0x0000000083900000, 0x0000000083900000, 0x0000000083a00000|  0%| F|  |TAMS 0x0000000083900000, 0x0000000083900000| Untracked 
|  28|0x0000000083a00000, 0x0000000083a00000, 0x0000000083b00000|  0%| F|  |TAMS 0x0000000083a00000, 0x0000000083a00000| Untracked 
|  29|0x0000000083b00000, 0x0000000083b00000, 0x0000000083c00000|  0%| F|  |TAMS 0x0000000083b00000, 0x0000000083b00000| Untracked 
|  30|0x0000000083c00000, 0x0000000083c00000, 0x0000000083d00000|  0%| F|  |TAMS 0x0000000083c00000, 0x0000000083c00000| Untracked 
|  31|0x0000000083d00000, 0x0000000083d00000, 0x0000000083e00000|  0%| F|  |TAMS 0x0000000083d00000, 0x0000000083d00000| Untracked 
|  32|0x0000000083e00000, 0x0000000083e00000, 0x0000000083f00000|  0%| F|  |TAMS 0x0000000083e00000, 0x0000000083e00000| Untracked 
|  33|0x0000000083f00000, 0x0000000083f00000, 0x0000000084000000|  0%| F|  |TAMS 0x0000000083f00000, 0x0000000083f00000| Untracked 
|  34|0x0000000084000000, 0x0000000084000000, 0x0000000084100000|  0%| F|  |TAMS 0x0000000084000000, 0x0000000084000000| Untracked 
|  35|0x0000000084100000, 0x0000000084100000, 0x0000000084200000|  0%| F|  |TAMS 0x0000000084100000, 0x0000000084100000| Untracked 
|  36|0x0000000084200000, 0x0000000084200000, 0x0000000084300000|  0%| F|  |TAMS 0x0000000084200000, 0x0000000084200000| Untracked 
|  37|0x0000000084300000, 0x0000000084300000, 0x0000000084400000|  0%| F|  |TAMS 0x0000000084300000, 0x0000000084300000| Untracked 
|  38|0x0000000084400000, 0x0000000084400000, 0x0000000084500000|  0%| F|  |TAMS 0x0000000084400000, 0x0000000084400000| Untracked 
|  39|0x0000000084500000, 0x0000000084500000, 0x0000000084600000|  0%| F|  |TAMS 0x0000000084500000, 0x0000000084500000| Untracked 
|  40|0x0000000084600000, 0x0000000084600000, 0x0000000084700000|  0%| F|  |TAMS 0x0000000084600000, 0x0000000084600000| Untracked 
|  41|0x0000000084700000, 0x0000000084700000, 0x0000000084800000|  0%| F|  |TAMS 0x0000000084700000, 0x0000000084700000| Untracked 
|  42|0x0000000084800000, 0x0000000084800000, 0x0000000084900000|  0%| F|  |TAMS 0x0000000084800000, 0x0000000084800000| Untracked 
|  43|0x0000000084900000, 0x0000000084900000, 0x0000000084a00000|  0%| F|  |TAMS 0x0000000084900000, 0x0000000084900000| Untracked 
|  44|0x0000000084a00000, 0x0000000084a00000, 0x0000000084b00000|  0%| F|  |TAMS 0x0000000084a00000, 0x0000000084a00000| Untracked 
|  45|0x0000000084b00000, 0x0000000084b00000, 0x0000000084c00000|  0%| F|  |TAMS 0x0000000084b00000, 0x0000000084b00000| Untracked 
|  46|0x0000000084c00000, 0x0000000084c00000, 0x0000000084d00000|  0%| F|  |TAMS 0x0000000084c00000, 0x0000000084c00000| Untracked 
|  47|0x0000000084d00000, 0x0000000084d00000, 0x0000000084e00000|  0%| F|  |TAMS 0x0000000084d00000, 0x0000000084d00000| Untracked 
|  48|0x0000000084e00000, 0x0000000084e00000, 0x0000000084f00000|  0%| F|  |TAMS 0x0000000084e00000, 0x0000000084e00000| Untracked 
|  49|0x0000000084f00000, 0x0000000084f00000, 0x0000000085000000|  0%| F|  |TAMS 0x0000000084f00000, 0x0000000084f00000| Untracked 
|  50|0x0000000085000000, 0x0000000085000000, 0x0000000085100000|  0%| F|  |TAMS 0x0000000085000000, 0x0000000085000000| Untracked 
|  51|0x0000000085100000, 0x0000000085100000, 0x0000000085200000|  0%| F|  |TAMS 0x0000000085100000, 0x0000000085100000| Untracked 
|  52|0x0000000085200000, 0x0000000085200000, 0x0000000085300000|  0%| F|  |TAMS 0x0000000085200000, 0x0000000085200000| Untracked 
|  53|0x0000000085300000, 0x0000000085300000, 0x0000000085400000|  0%| F|  |TAMS 0x0000000085300000, 0x0000000085300000| Untracked 
|  54|0x0000000085400000, 0x0000000085400000, 0x0000000085500000|  0%| F|  |TAMS 0x0000000085400000, 0x0000000085400000| Untracked 
|  55|0x0000000085500000, 0x0000000085500000, 0x0000000085600000|  0%| F|  |TAMS 0x0000000085500000, 0x0000000085500000| Untracked 
|  56|0x0000000085600000, 0x0000000085600000, 0x0000000085700000|  0%| F|  |TAMS 0x0000000085600000, 0x0000000085600000| Untracked 
|  57|0x0000000085700000, 0x0000000085700000, 0x0000000085800000|  0%| F|  |TAMS 0x0000000085700000, 0x0000000085700000| Untracked 
|  58|0x0000000085800000, 0x0000000085800000, 0x0000000085900000|  0%| F|  |TAMS 0x0000000085800000, 0x0000000085800000| Untracked 
|  59|0x0000000085900000, 0x0000000085900000, 0x0000000085a00000|  0%| F|  |TAMS 0x0000000085900000, 0x0000000085900000| Untracked 
|  60|0x0000000085a00000, 0x0000000085a00000, 0x0000000085b00000|  0%| F|  |TAMS 0x0000000085a00000, 0x0000000085a00000| Untracked 
|  61|0x0000000085b00000, 0x0000000085b00000, 0x0000000085c00000|  0%| F|  |TAMS 0x0000000085b00000, 0x0000000085b00000| Untracked 
|  62|0x0000000085c00000, 0x0000000085c00000, 0x0000000085d00000|  0%| F|  |TAMS 0x0000000085c00000, 0x0000000085c00000| Untracked 
|  63|0x0000000085d00000, 0x0000000085d00000, 0x0000000085e00000|  0%| F|  |TAMS 0x0000000085d00000, 0x0000000085d00000| Untracked 
|  64|0x0000000085e00000, 0x0000000085e00000, 0x0000000085f00000|  0%| F|  |TAMS 0x0000000085e00000, 0x0000000085e00000| Untracked 
|  65|0x0000000085f00000, 0x0000000085f00000, 0x0000000086000000|  0%| F|  |TAMS 0x0000000085f00000, 0x0000000085f00000| Untracked 
|  66|0x0000000086000000, 0x0000000086000000, 0x0000000086100000|  0%| F|  |TAMS 0x0000000086000000, 0x0000000086000000| Untracked 
|  67|0x0000000086100000, 0x0000000086100000, 0x0000000086200000|  0%| F|  |TAMS 0x0000000086100000, 0x0000000086100000| Untracked 
|  68|0x0000000086200000, 0x0000000086200000, 0x0000000086300000|  0%| F|  |TAMS 0x0000000086200000, 0x0000000086200000| Untracked 
|  69|0x0000000086300000, 0x0000000086300000, 0x0000000086400000|  0%| F|  |TAMS 0x0000000086300000, 0x0000000086300000| Untracked 
|  70|0x0000000086400000, 0x0000000086400000, 0x0000000086500000|  0%| F|  |TAMS 0x0000000086400000, 0x0000000086400000| Untracked 
|  71|0x0000000086500000, 0x0000000086500000, 0x0000000086600000|  0%| F|  |TAMS 0x0000000086500000, 0x0000000086500000| Untracked 
|  72|0x0000000086600000, 0x0000000086600000, 0x0000000086700000|  0%| F|  |TAMS 0x0000000086600000, 0x0000000086600000| Untracked 
|  73|0x0000000086700000, 0x0000000086700000, 0x0000000086800000|  0%| F|  |TAMS 0x0000000086700000, 0x0000000086700000| Untracked 
|  74|0x0000000086800000, 0x0000000086800000, 0x0000000086900000|  0%| F|  |TAMS 0x0000000086800000, 0x0000000086800000| Untracked 
|  75|0x0000000086900000, 0x0000000086900000, 0x0000000086a00000|  0%| F|  |TAMS 0x0000000086900000, 0x0000000086900000| Untracked 
|  76|0x0000000086a00000, 0x0000000086a00000, 0x0000000086b00000|  0%| F|  |TAMS 0x0000000086a00000, 0x0000000086a00000| Untracked 
|  77|0x0000000086b00000, 0x0000000086b00000, 0x0000000086c00000|  0%| F|  |TAMS 0x0000000086b00000, 0x0000000086b00000| Untracked 
|  78|0x0000000086c00000, 0x0000000086c00000, 0x0000000086d00000|  0%| F|  |TAMS 0x0000000086c00000, 0x0000000086c00000| Untracked 
|  79|0x0000000086d00000, 0x0000000086d00000, 0x0000000086e00000|  0%| F|  |TAMS 0x0000000086d00000, 0x0000000086d00000| Untracked 
|  80|0x0000000086e00000, 0x0000000086e00000, 0x0000000086f00000|  0%| F|  |TAMS 0x0000000086e00000, 0x0000000086e00000| Untracked 
|  81|0x0000000086f00000, 0x0000000086f00000, 0x0000000087000000|  0%| F|  |TAMS 0x0000000086f00000, 0x0000000086f00000| Untracked 
|  82|0x0000000087000000, 0x0000000087000000, 0x0000000087100000|  0%| F|  |TAMS 0x0000000087000000, 0x0000000087000000| Untracked 
|  83|0x0000000087100000, 0x0000000087100000, 0x0000000087200000|  0%| F|  |TAMS 0x0000000087100000, 0x0000000087100000| Untracked 
|  84|0x0000000087200000, 0x0000000087200000, 0x0000000087300000|  0%| F|  |TAMS 0x0000000087200000, 0x0000000087200000| Untracked 
|  85|0x0000000087300000, 0x0000000087300000, 0x0000000087400000|  0%| F|  |TAMS 0x0000000087300000, 0x0000000087300000| Untracked 
|  86|0x0000000087400000, 0x0000000087400000, 0x0000000087500000|  0%| F|  |TAMS 0x0000000087400000, 0x0000000087400000| Untracked 
|  87|0x0000000087500000, 0x0000000087500000, 0x0000000087600000|  0%| F|  |TAMS 0x0000000087500000, 0x0000000087500000| Untracked 
|  88|0x0000000087600000, 0x0000000087600000, 0x0000000087700000|  0%| F|  |TAMS 0x0000000087600000, 0x0000000087600000| Untracked 
|  89|0x0000000087700000, 0x0000000087700000, 0x0000000087800000|  0%| F|  |TAMS 0x0000000087700000, 0x0000000087700000| Untracked 
|  90|0x0000000087800000, 0x0000000087800000, 0x0000000087900000|  0%| F|  |TAMS 0x0000000087800000, 0x0000000087800000| Untracked 
|  91|0x0000000087900000, 0x0000000087900000, 0x0000000087a00000|  0%| F|  |TAMS 0x0000000087900000, 0x0000000087900000| Untracked 
|  92|0x0000000087a00000, 0x0000000087a00000, 0x0000000087b00000|  0%| F|  |TAMS 0x0000000087a00000, 0x0000000087a00000| Untracked 
|  93|0x0000000087b00000, 0x0000000087b00000, 0x0000000087c00000|  0%| F|  |TAMS 0x0000000087b00000, 0x0000000087b00000| Untracked 
|  94|0x0000000087c00000, 0x0000000087c00000, 0x0000000087d00000|  0%| F|  |TAMS 0x0000000087c00000, 0x0000000087c00000| Untracked 
|  95|0x0000000087d00000, 0x0000000087d00000, 0x0000000087e00000|  0%| F|  |TAMS 0x0000000087d00000, 0x0000000087d00000| Untracked 
|  96|0x0000000087e00000, 0x0000000087e00000, 0x0000000087f00000|  0%| F|  |TAMS 0x0000000087e00000, 0x0000000087e00000| Untracked 
|  97|0x0000000087f00000, 0x0000000087f00000, 0x0000000088000000|  0%| F|  |TAMS 0x0000000087f00000, 0x0000000087f00000| Untracked 
|  98|0x0000000088000000, 0x0000000088000000, 0x0000000088100000|  0%| F|  |TAMS 0x0000000088000000, 0x0000000088000000| Untracked 
|  99|0x0000000088100000, 0x0000000088100000, 0x0000000088200000|  0%| F|  |TAMS 0x0000000088100000, 0x0000000088100000| Untracked 
| 100|0x0000000088200000, 0x0000000088200000, 0x0000000088300000|  0%| F|  |TAMS 0x0000000088200000, 0x0000000088200000| Untracked 
| 101|0x0000000088300000, 0x0000000088300000, 0x0000000088400000|  0%| F|  |TAMS 0x0000000088300000, 0x0000000088300000| Untracked 
| 102|0x0000000088400000, 0x0000000088400000, 0x0000000088500000|  0%| F|  |TAMS 0x0000000088400000, 0x0000000088400000| Untracked 
| 103|0x0000000088500000, 0x0000000088500000, 0x0000000088600000|  0%| F|  |TAMS 0x0000000088500000, 0x0000000088500000| Untracked 
| 104|0x0000000088600000, 0x0000000088600000, 0x0000000088700000|  0%| F|  |TAMS 0x0000000088600000, 0x0000000088600000| Untracked 
| 105|0x0000000088700000, 0x0000000088700000, 0x0000000088800000|  0%| F|  |TAMS 0x0000000088700000, 0x0000000088700000| Untracked 
| 106|0x0000000088800000, 0x0000000088800000, 0x0000000088900000|  0%| F|  |TAMS 0x0000000088800000, 0x0000000088800000| Untracked 
| 107|0x0000000088900000, 0x0000000088900000, 0x0000000088a00000|  0%| F|  |TAMS 0x0000000088900000, 0x0000000088900000| Untracked 
| 108|0x0000000088a00000, 0x0000000088a00000, 0x0000000088b00000|  0%| F|  |TAMS 0x0000000088a00000, 0x0000000088a00000| Untracked 
| 109|0x0000000088b00000, 0x0000000088b00000, 0x0000000088c00000|  0%| F|  |TAMS 0x0000000088b00000, 0x0000000088b00000| Untracked 
| 110|0x0000000088c00000, 0x0000000088c7e198, 0x0000000088d00000| 49%| E|  |TAMS 0x0000000088c00000, 0x0000000088c00000| Complete 
| 111|0x0000000088d00000, 0x0000000088e00000, 0x0000000088e00000|100%| E|CS|TAMS 0x0000000088d00000, 0x0000000088d00000| Complete 
| 112|0x0000000088e00000, 0x0000000088f00000, 0x0000000088f00000|100%| E|CS|TAMS 0x0000000088e00000, 0x0000000088e00000| Complete 
| 113|0x0000000088f00000, 0x0000000089000000, 0x0000000089000000|100%| E|CS|TAMS 0x0000000088f00000, 0x0000000088f00000| Complete 
| 114|0x0000000089000000, 0x0000000089100000, 0x0000000089100000|100%| E|CS|TAMS 0x0000000089000000, 0x0000000089000000| Complete 
| 115|0x0000000089100000, 0x0000000089200000, 0x0000000089200000|100%| E|CS|TAMS 0x0000000089100000, 0x0000000089100000| Complete 
| 116|0x0000000089200000, 0x0000000089300000, 0x0000000089300000|100%| E|CS|TAMS 0x0000000089200000, 0x0000000089200000| Complete 
| 117|0x0000000089300000, 0x0000000089400000, 0x0000000089400000|100%| E|CS|TAMS 0x0000000089300000, 0x0000000089300000| Complete 
| 118|0x0000000089400000, 0x0000000089500000, 0x0000000089500000|100%| E|CS|TAMS 0x0000000089400000, 0x0000000089400000| Complete 
| 119|0x0000000089500000, 0x0000000089600000, 0x0000000089600000|100%| E|CS|TAMS 0x0000000089500000, 0x0000000089500000| Complete 
| 120|0x0000000089600000, 0x0000000089700000, 0x0000000089700000|100%| E|CS|TAMS 0x0000000089600000, 0x0000000089600000| Complete 
| 121|0x0000000089700000, 0x0000000089800000, 0x0000000089800000|100%| E|CS|TAMS 0x0000000089700000, 0x0000000089700000| Complete 
| 122|0x0000000089800000, 0x0000000089900000, 0x0000000089900000|100%| E|CS|TAMS 0x0000000089800000, 0x0000000089800000| Complete 
| 123|0x0000000089900000, 0x0000000089a00000, 0x0000000089a00000|100%| E|CS|TAMS 0x0000000089900000, 0x0000000089900000| Complete 
| 124|0x0000000089a00000, 0x0000000089b00000, 0x0000000089b00000|100%| E|CS|TAMS 0x0000000089a00000, 0x0000000089a00000| Complete 
| 125|0x0000000089b00000, 0x0000000089c00000, 0x0000000089c00000|100%| E|CS|TAMS 0x0000000089b00000, 0x0000000089b00000| Complete 
| 126|0x0000000089c00000, 0x0000000089d00000, 0x0000000089d00000|100%| E|CS|TAMS 0x0000000089c00000, 0x0000000089c00000| Complete 
| 127|0x0000000089d00000, 0x0000000089e00000, 0x0000000089e00000|100%| E|CS|TAMS 0x0000000089d00000, 0x0000000089d00000| Complete 

Card table byte_map: [0x0000020a2ff20000,0x0000020a30320000] _byte_map_base: 0x0000020a2fb11000

Marking Bits (Prev, Next): (CMBitMap*) 0x0000020a18425098, (CMBitMap*) 0x0000020a184250d0
 Prev Bits: [0x0000020a30720000, 0x0000020a326a8000)
 Next Bits: [0x0000020a326b0000, 0x0000020a34638000)

Polling page: 0x0000020a16320000

Metaspace:

Usage:
  Non-class:     12.14 MB capacity,    11.85 MB ( 98%) used,   261.58 KB (  2%) free+waste,    33.50 KB ( <1%) overhead. 
      Class:      1.52 MB capacity,     1.40 MB ( 92%) used,   104.93 KB (  7%) free+waste,    16.38 KB (  1%) overhead. 
       Both:     13.66 MB capacity,    13.25 MB ( 97%) used,   366.51 KB (  3%) free+waste,    49.88 KB ( <1%) overhead. 

Virtual space:
  Non-class space:       24.00 MB reserved,      12.25 MB ( 51%) committed 
      Class space:        1.00 GB reserved,       1.63 MB ( <1%) committed 
             Both:        1.02 GB reserved,      13.88 MB (  1%) committed 

Chunk freelists:
   Non-Class:  5.75 KB
       Class:  1.75 KB
        Both:  7.50 KB

CodeHeap 'non-profiled nmethods': size=238336Kb used=1598Kb max_used=1598Kb free=236737Kb
 bounds [0x0000020a20f30000, 0x0000020a211a0000, 0x0000020a2f7f0000]
CodeHeap 'non-nmethods': size=7424Kb used=1107Kb max_used=1107Kb free=6316Kb
 bounds [0x0000020a207f0000, 0x0000020a20a60000, 0x0000020a20f30000]
 total_blobs=1589 nmethods=1157 adapters=343
 compilation: enabled
              stopped_count=0, restarted_count=0
 full_count=0

Compilation events (10 events):
Event: 3.311 Thread 0x0000020a3791b000 1142       1       java.lang.invoke.MethodHandles$Lookup::restrictProtectedReceiver (51 bytes)
Event: 3.312 Thread 0x0000020a3791b000 nmethod 1142 0x0000020a210ba010 code [0x0000020a210ba200, 0x0000020a210ba5d0]
Event: 3.312 Thread 0x0000020a3791b000 1143       1       java.lang.invoke.MemberName::isProtected (8 bytes)
Event: 3.312 Thread 0x0000020a3791b000 nmethod 1143 0x0000020a210ba790 code [0x0000020a210ba920, 0x0000020a210baa58]
Event: 3.312 Thread 0x0000020a3791b000 1144       1       java.lang.Module::allows (60 bytes)
Event: 3.313 Thread 0x0000020a3791b000 nmethod 1144 0x0000020a210bab10 code [0x0000020a210bace0, 0x0000020a210baf50]
Event: 3.313 Thread 0x0000020a3791b000 1145       1       java.lang.invoke.StringConcatFactory$RecipeElement::getTag (5 bytes)
Event: 3.313 Thread 0x0000020a3791b000 nmethod 1145 0x0000020a210bb010 code [0x0000020a210bb1a0, 0x0000020a210bb2b8]
Event: 3.314 Thread 0x0000020a3791b000 1146       1       java.lang.Enum::<init> (15 bytes)
Event: 3.315 Thread 0x0000020a3791b000 nmethod 1146 0x0000020a210bb310 code [0x0000020a210bb4a0, 0x0000020a210bb618]

GC Heap History (0 events):
No events

Deoptimization events (0 events):
No events

Classes redefined (0 events):
No events

Internal exceptions (10 events):
Event: 2.243 Thread 0x0000020a183e6800 Exception <a 'java/lang/NoSuchMethodError'{0x00000000894d3c68}: java.lang.invoke.DirectMethodHandle$Holder.invokeStaticInit(Ljava/lang/Object;IIII)Ljava/lang/Object;> (0x00000000894d3c68) thrown at [./open/src/hotspot/share/interpreter/linkResolver.cpp, l
Event: 2.559 Thread 0x0000020a183e6800 Exception <a 'java/lang/NoSuchMethodError'{0x0000000089397de8}: java.lang.invoke.DirectMethodHandle$Holder.invokeStatic(Ljava/lang/Object;Ljava/lang/Object;IIII)Ljava/lang/Object;> (0x0000000089397de8) thrown at [./open/src/hotspot/share/interpreter/linkR
Event: 2.559 Thread 0x0000020a183e6800 Exception <a 'java/lang/NoSuchMethodError'{0x000000008939b130}: java.lang.invoke.DirectMethodHandle$Holder.invokeStaticInit(Ljava/lang/Object;Ljava/lang/Object;IIII)Ljava/lang/Object;> (0x000000008939b130) thrown at [./open/src/hotspot/share/interpreter/l
Event: 2.614 Thread 0x0000020a183e6800 Exception <a 'java/lang/ClassNotFoundException'{0x00000000893bb190}: javax/management/remote/rmi/RMIServerImpl_Skel> (0x00000000893bb190) thrown at [./open/src/hotspot/share/classfile/systemDictionary.cpp, line 228]
Event: 3.060 Thread 0x0000020a183e6800 Exception <a 'java/lang/ClassNotFoundException'{0x00000000891ecdb8}: javax/smartcardio/CardPermission> (0x00000000891ecdb8) thrown at [./open/src/hotspot/share/classfile/systemDictionary.cpp, line 228]
Event: 3.072 Thread 0x0000020a183e6800 Exception <a 'java/io/FileNotFoundException'{0x00000000891f6c00}> (0x00000000891f6c00) thrown at [./open/src/hotspot/share/prims/jni.cpp, line 611]
Event: 3.261 Thread 0x0000020a3804c000 Exception <a 'java/lang/NoSuchMethodError'{0x0000000088e3c348}: java.lang.invoke.DirectMethodHandle$Holder.invokeStatic(Ljava/lang/Object;Ljava/lang/Object;Ljava/lang/Object;Ljava/lang/Object;Ljava/lang/Object;Ljava/lang/Object;Ljava/lang/Object;Ljava/lan
Event: 3.261 Thread 0x0000020a3804c000 Exception <a 'java/lang/NoSuchMethodError'{0x0000000088e48b68}: java.lang.invoke.DirectMethodHandle$Holder.invokeStatic(Ljava/lang/Object;Ljava/lang/Object;Ljava/lang/Object;Ljava/lang/Object;Ljava/lang/Object;Ljava/lang/Object;Ljava/lang/Object;Ljava/lan
Event: 3.262 Thread 0x0000020a3804c000 Exception <a 'java/lang/NoSuchMethodError'{0x0000000088e62640}: java.lang.invoke.DelegatingMethodHandle$Holder.reinvoke_L(Ljava/lang/Object;ILjava/lang/Object;)Ljava/lang/Object;> (0x0000000088e62640) thrown at [./open/src/hotspot/share/interpreter/linkRe
Event: 3.314 Thread 0x0000020a3804c000 Exception <a 'java/lang/NoSuchMethodError'{0x0000000088d4f190}: static [B.<clinit>()V> (0x0000000088d4f190) thrown at [./open/src/hotspot/share/prims/jni.cpp, line 1362]

Events (10 events):
Event: 3.314 loading class java/io/ObjectStreamClass$MemberSignature done
Event: 3.314 loading class java/io/ObjectStreamClass$3
Event: 3.314 loading class java/io/ObjectStreamClass$3 done
Event: 3.314 loading class java/io/ObjectStreamClass$4
Event: 3.314 loading class java/io/ObjectStreamClass$4 done
Event: 3.314 loading class java/io/ObjectStreamClass$5
Event: 3.314 loading class java/io/ObjectStreamClass$5 done
Event: 3.315 loading class java/rmi/server/RemoteServer
Event: 3.315 loading class java/rmi/server/RemoteServer done
Event: 3.315 loading class javax/management/remote/rmi/RMIConnectionImpl


Dynamic libraries:
0x00007ff732170000 - 0x00007ff7321b7000 	D:\java11\bin\java.exe
0x00007ffd78a80000 - 0x00007ffd78c89000 	C:\WINDOWS\SYSTEM32\ntdll.dll
0x00007ffd76960000 - 0x00007ffd76a1e000 	C:\WINDOWS\System32\KERNEL32.DLL
0x00007ffd76040000 - 0x00007ffd763bb000 	C:\WINDOWS\System32\KERNELBASE.dll
0x00007ffd78990000 - 0x00007ffd78a3e000 	C:\WINDOWS\System32\ADVAPI32.dll
0x00007ffd77c00000 - 0x00007ffd77ca3000 	C:\WINDOWS\System32\msvcrt.dll
0x00007ffd778b0000 - 0x00007ffd7794e000 	C:\WINDOWS\System32\sechost.dll
0x00007ffd784b0000 - 0x00007ffd785d0000 	C:\WINDOWS\System32\RPCRT4.dll
0x00007ffd773e0000 - 0x00007ffd7758d000 	C:\WINDOWS\System32\USER32.dll
0x00007ffd75f50000 - 0x00007ffd75f76000 	C:\WINDOWS\System32\win32u.dll
0x00007ffd786c0000 - 0x00007ffd786e9000 	C:\WINDOWS\System32\GDI32.dll
0x00007ffd76430000 - 0x00007ffd76548000 	C:\WINDOWS\System32\gdi32full.dll
0x00007ffd76860000 - 0x00007ffd768fd000 	C:\WINDOWS\System32\msvcp_win.dll
0x00007ffd76740000 - 0x00007ffd76851000 	C:\WINDOWS\System32\ucrtbase.dll
0x00007ffd75120000 - 0x00007ffd753c5000 	C:\WINDOWS\WinSxS\amd64_microsoft.windows.common-controls_6595b64144ccf1df_6.0.22000.120_none_9d947278b86cc467\COMCTL32.dll
0x00007ffd6f9b0000 - 0x00007ffd6f9ba000 	C:\WINDOWS\SYSTEM32\VERSION.dll
0x00007ffd76be0000 - 0x00007ffd76c12000 	C:\WINDOWS\System32\IMM32.DLL
0x00007ffd70040000 - 0x00007ffd70056000 	D:\java11\bin\vcruntime140.dll
0x00007ffd52810000 - 0x00007ffd528ba000 	D:\java11\bin\msvcp140.dll
0x00007ffd34dd0000 - 0x00007ffd35931000 	D:\java11\bin\server\jvm.dll
0x00007ffd784a0000 - 0x00007ffd784a8000 	C:\WINDOWS\System32\PSAPI.DLL
0x00007ffd6ff50000 - 0x00007ffd6ff83000 	C:\WINDOWS\SYSTEM32\WINMM.dll
0x00007ffd67820000 - 0x00007ffd67829000 	C:\WINDOWS\SYSTEM32\WSOCK32.dll
0x00007ffd78650000 - 0x00007ffd786bf000 	C:\WINDOWS\System32\ws2_32.DLL
0x00007ffd74950000 - 0x00007ffd74968000 	C:\WINDOWS\SYSTEM32\kernel.appcore.dll
0x00007ffd70020000 - 0x00007ffd70031000 	D:\java11\bin\verify.dll
0x00007ffd758a0000 - 0x00007ffd75ac1000 	C:\WINDOWS\SYSTEM32\DBGHELP.DLL
0x00007ffd755e0000 - 0x00007ffd75611000 	C:\WINDOWS\SYSTEM32\dbgcore.DLL
0x00007ffd766c0000 - 0x00007ffd7673f000 	C:\WINDOWS\System32\bcryptPrimitives.dll
0x00007ffd6f590000 - 0x00007ffd6f5b9000 	D:\java11\bin\java.dll
0x00007ffd757e0000 - 0x00007ffd757ea000 	D:\java11\bin\jimage.dll
0x00007ffd67b10000 - 0x00007ffd67b40000 	D:\java11\bin\instrument.dll
0x00007ffd68960000 - 0x00007ffd68976000 	D:\java11\bin\zip.dll
0x00007ffd76c20000 - 0x00007ffd773d8000 	C:\WINDOWS\System32\SHELL32.dll
0x00007ffd739c0000 - 0x00007ffd74225000 	C:\WINDOWS\SYSTEM32\windows.storage.dll
0x00007ffd77cb0000 - 0x00007ffd78028000 	C:\WINDOWS\System32\combase.dll
0x00007ffd73850000 - 0x00007ffd739b6000 	C:\WINDOWS\SYSTEM32\wintypes.dll
0x00007ffd78780000 - 0x00007ffd7886a000 	C:\WINDOWS\System32\SHCORE.dll
0x00007ffd77590000 - 0x00007ffd775ed000 	C:\WINDOWS\System32\shlwapi.dll
0x00007ffd75e80000 - 0x00007ffd75ea1000 	C:\WINDOWS\SYSTEM32\profapi.dll
0x00007ffd5cf00000 - 0x00007ffd5cf19000 	D:\java11\bin\net.dll
0x00007ffd6ee10000 - 0x00007ffd6ef24000 	C:\WINDOWS\SYSTEM32\WINHTTP.dll
0x00007ffd74f50000 - 0x00007ffd74fb7000 	C:\WINDOWS\system32\mswsock.dll
0x00007ffd5b7b0000 - 0x00007ffd5b7c3000 	D:\java11\bin\nio.dll
0x00007ffd5b730000 - 0x00007ffd5b74a000 	D:\idea\IDEA\ideaIU-2021.2.2.win\bin\breakgen64.dll
0x00007ffd744b0000 - 0x00007ffd74598000 	C:\WINDOWS\SYSTEM32\DNSAPI.dll
0x00007ffd74480000 - 0x00007ffd744ad000 	C:\WINDOWS\SYSTEM32\IPHLPAPI.DLL
0x00007ffd77820000 - 0x00007ffd77829000 	C:\WINDOWS\System32\NSI.dll
0x00007ffd6dbf0000 - 0x00007ffd6dbfa000 	C:\Windows\System32\rasadhlp.dll
0x00007ffd6e450000 - 0x00007ffd6e4d1000 	C:\WINDOWS\System32\fwpuclnt.dll
0x00007ffd71c70000 - 0x00007ffd71c79000 	D:\java11\bin\management.dll
0x00007ffd71bd0000 - 0x00007ffd71bdc000 	D:\java11\bin\management_ext.dll
0x00007ffd75c00000 - 0x00007ffd75c18000 	C:\WINDOWS\SYSTEM32\CRYPTSP.dll
0x00007ffd748b0000 - 0x00007ffd748e5000 	C:\WINDOWS\system32\rsaenh.dll
0x00007ffd74dd0000 - 0x00007ffd74df9000 	C:\WINDOWS\SYSTEM32\USERENV.dll
0x00007ffd75870000 - 0x00007ffd75897000 	C:\WINDOWS\SYSTEM32\bcrypt.dll
0x00007ffd74fc0000 - 0x00007ffd74fcc000 	C:\WINDOWS\SYSTEM32\CRYPTBASE.dll
0x00007ffd6ef30000 - 0x00007ffd6ef49000 	C:\WINDOWS\SYSTEM32\dhcpcsvc6.DLL
0x00007ffd6f9d0000 - 0x00007ffd6f9ee000 	C:\WINDOWS\SYSTEM32\dhcpcsvc.DLL
0x00007ffd5d360000 - 0x00007ffd5d377000 	C:\WINDOWS\system32\napinsp.dll
0x00007ffd5d380000 - 0x00007ffd5d39b000 	C:\WINDOWS\system32\pnrpnsp.dll
0x00007ffd5d3a0000 - 0x00007ffd5d3b2000 	C:\WINDOWS\System32\winrnr.dll
0x00007ffd6e8e0000 - 0x00007ffd6e8f5000 	C:\WINDOWS\system32\wshbth.dll
0x00007ffd60b70000 - 0x00007ffd60b8f000 	C:\WINDOWS\system32\nlansp_c.dll

dbghelp: loaded successfully - version: 4.0.5 - missing functions: none
symbol engine: initialized successfully - sym options: 0x614 - pdb path: .;D:\java11\bin;C:\WINDOWS\SYSTEM32;C:\WINDOWS\WinSxS\amd64_microsoft.windows.common-controls_6595b64144ccf1df_6.0.22000.120_none_9d947278b86cc467;D:\java11\bin\server;D:\idea\IDEA\ideaIU-2021.2.2.win\bin

VM Arguments:
jvm_args: -XX:TieredStopAtLevel=1 -Xverify:none -Dspring.output.ansi.enabled=always -javaagent:D:\idea\IDEA\ideaIU-2021.2.2.win\lib\idea_rt.jar=8082:D:\idea\IDEA\ideaIU-2021.2.2.win\bin -Dcom.sun.management.jmxremote -Dspring.jmx.enabled=true -Dspring.liveBeansView.mbeanDomain -Dspring.application.admin.enabled=true -Dfile.encoding=UTF-8 
java_command: com.xxxx.crm.Starter
java_class_path (initial): D:\idea\projects\Spring\crm\target\classes;D:\idea\Maven\myrepository\org\springframework\boot\spring-boot-starter-web\2.2.2.RELEASE\spring-boot-starter-web-2.2.2.RELEASE.jar;D:\idea\Maven\myrepository\org\springframework\boot\spring-boot-starter\2.2.2.RELEASE\spring-boot-starter-2.2.2.RELEASE.jar;D:\idea\Maven\myrepository\org\springframework\boot\spring-boot-starter-logging\2.2.2.RELEASE\spring-boot-starter-logging-2.2.2.RELEASE.jar;D:\idea\Maven\myrepository\ch\qos\logback\logback-classic\1.2.3\logback-classic-1.2.3.jar;D:\idea\Maven\myrepository\ch\qos\logback\logback-core\1.2.3\logback-core-1.2.3.jar;D:\idea\Maven\myrepository\org\apache\logging\log4j\log4j-to-slf4j\2.12.1\log4j-to-slf4j-2.12.1.jar;D:\idea\Maven\myrepository\org\apache\logging\log4j\log4j-api\2.12.1\log4j-api-2.12.1.jar;D:\idea\Maven\myrepository\org\slf4j\jul-to-slf4j\1.7.29\jul-to-slf4j-1.7.29.jar;D:\idea\Maven\myrepository\jakarta\annotation\jakarta.annotation-api\1.3.5\jakarta.annotation-api-1.3.5.jar;D:\idea\Maven\myrepository\org\yaml\snakeyaml\1.25\snakeyaml-1.25.jar;D:\idea\Maven\myrepository\org\springframework\boot\spring-boot-starter-json\2.2.2.RELEASE\spring-boot-starter-json-2.2.2.RELEASE.jar;D:\idea\Maven\myrepository\com\fasterxml\jackson\core\jackson-databind\2.10.1\jackson-databind-2.10.1.jar;D:\idea\Maven\myrepository\com\fasterxml\jackson\core\jackson-annotations\2.10.1\jackson-annotations-2.10.1.jar;D:\idea\Maven\myrepository\com\fasterxml\jackson\core\jackson-core\2.10.1\jackson-core-2.10.1.jar;D:\idea\Maven\myrepository\com\fasterxml\jackson\datatype\jackson-datatype-jdk8\2.10.1\jackson-datatype-jdk8-2.10.1.jar;D:\idea\Maven\myrepository\com\fasterxml\jackson\datatype\jackson-datatype-jsr310\2.10.1\jackson-datatype-jsr310-2.10.1.jar;D:\idea\Maven\myrepository\com\fasterxml\jackson\module\jackson-module-parameter-names\2.10.1\jackson-module-parameter-names-2.10.1.jar;D:\idea\Maven\myrepository\org\springframework\boot\spring-boot-starter-tomcat\
Launcher Type: SUN_STANDARD

[Global flags]
     bool BytecodeVerificationLocal                = false                                     {product} {command line}
     bool BytecodeVerificationRemote               = false                                     {product} {command line}
     intx CICompilerCount                          = 4                                         {product} {ergonomic}
     uint ConcGCThreads                            = 2                                         {product} {ergonomic}
     uint G1ConcRefinementThreads                  = 8                                         {product} {ergonomic}
   size_t G1HeapRegionSize                         = 1048576                                   {product} {ergonomic}
    uintx GCDrainStackTargetSize                   = 64                                        {product} {ergonomic}
   size_t InitialHeapSize                          = 134217728                                 {product} {ergonomic}
     bool ManagementServer                         = true                                      {product} {command line}
   size_t MarkStackSize                            = 4194304                                   {product} {ergonomic}
   size_t MaxHeapSize                              = 2116026368                                {product} {ergonomic}
   size_t MaxNewSize                               = 1268776960                                {product} {ergonomic}
   size_t MinHeapDeltaBytes                        = 1048576                                   {product} {ergonomic}
    uintx NonNMethodCodeHeapSize                   = 7549744                                {pd product} {ergonomic}
    uintx NonProfiledCodeHeapSize                  = 244108496                              {pd product} {ergonomic}
    uintx ProfiledCodeHeapSize                     = 0                                      {pd product} {ergonomic}
    uintx ReservedCodeCacheSize                    = 251658240                              {pd product} {ergonomic}
     bool SegmentedCodeCache                       = true                                      {product} {ergonomic}
     intx TieredStopAtLevel                        = 1                                         {product} {command line}
     bool UseCompressedClassPointers               = true                                 {lp64_product} {ergonomic}
     bool UseCompressedOops                        = true                                 {lp64_product} {ergonomic}
     bool UseG1GC                                  = true                                      {product} {ergonomic}
     bool UseLargePagesIndividualAllocation        = false                                  {pd product} {ergonomic}

Logging:
Log output configuration:
 #0: stdout all=warning uptime,level,tags
 #1: stderr all=off uptime,level,tags

Environment Variables:
JAVA_HOME=D:\java11
PATH=D:\Orcale\Orcaleone\app\oracle\product\11.2.0\server\bin;;C:\Program Files (x86)\Common Files\Intel\Shared Libraries\redist\intel64\compiler;C:\WINDOWS\system32;C:\WINDOWS;C:\WINDOWS\System32\Wbem;C:\WINDOWS\System32\WindowsPowerShell\v1.0\;C:\WINDOWS\System32\OpenSSH\;D:\SVN\VisualSVN Server\Installation\bin;D:\SVN\TortoiseSVN\bin;D:\java11\bin;D:\idea\Maven\apache-maven-3.6.3\bin;C:\Users\Lenovo\AppData\Local\Microsoft\WindowsApps;D:\capture\FFmpeg\ffmpeg-5.1-essentials_build\bin;
USERNAME=Lenovo
OS=Windows_NT
PROCESSOR_IDENTIFIER=Intel64 Family 6 Model 158 Stepping 10, GenuineIntel



---------------  S Y S T E M  ---------------

OS: Windows 10 , 64 bit Build 22000 (10.0.22000.1219)

CPU:total 8 (initial active 8) (4 cores per cpu, 2 threads per core) family 6 model 158 stepping 10, cmov, cx8, fxsr, mmx, sse, sse2, sse3, ssse3, sse4.1, sse4.2, popcnt, avx, avx2, aes, clmul, erms, 3dnowpref, lzcnt, ht, tsc, tscinvbit, bmi1, bmi2, adx, fma

Memory: 4k page, system-wide physical 8066M (275M free)
TotalPageFile size 23169M (AvailPageFile size 212M)
current process WorkingSet (physical memory assigned to process): 64M, peak: 64M
current process commit charge ("private bytes"): 216M, peak: 216M

vm_info: Java HotSpot(TM) 64-Bit Server VM (11.0.7+8-LTS) for windows-amd64 JRE (11.0.7+8-LTS), built on Mar 12 2020 02:04:32 by "mach5one" with MS VC++ 15.5 (VS2017)

END.
